2022-11-14 19:38:59,865 [main] INFO nopCommerce - *******Launching browser*********
2022-11-14 19:39:02,902 [main] INFO nopCommerce - *******opening URL*********
2022-11-14 19:39:38,036 [main] INFO nopCommerce - *******Launching browser*********
2022-11-14 19:39:41,047 [main] INFO nopCommerce - *******opening URL*********
2022-11-14 19:39:45,541 [main] INFO nopCommerce - *******Providing login details*********
2022-11-14 19:39:48,792 [main] INFO nopCommerce - *******Started login prosses*********
2022-11-14 19:40:07,563 [main] INFO nopCommerce - *******searching by email id*********
2022-11-14 19:40:10,947 [main] INFO nopCommerce - *******Closing browser*********
2022-11-14 19:43:32,427 [main] INFO nopCommerce - *******Launching browser*********
2022-11-14 19:43:35,469 [main] INFO nopCommerce - *******opening URL*********
2022-11-14 19:43:39,789 [main] INFO nopCommerce - *******Providing login details*********
2022-11-14 19:43:43,057 [main] INFO nopCommerce - *******Started login prosses*********
2022-11-14 19:44:00,199 [main] INFO nopCommerce - *******Adding new customer*********
2022-11-14 19:44:00,201 [main] INFO nopCommerce - ******Providing customer details**********
2022-11-14 19:44:08,462 [main] INFO nopCommerce - ******Saving customer data**********
2022-11-14 19:44:11,996 [main] INFO nopCommerce - *******Closing browser*********
2022-11-14 19:44:18,090 [main] INFO nopCommerce - *******Launching browser*********
2022-11-14 19:44:21,102 [main] INFO nopCommerce - *******opening URL*********
2022-11-14 19:44:25,425 [main] INFO nopCommerce - *******Providing login details*********
2022-11-14 19:44:28,699 [main] INFO nopCommerce - *******Started login prosses*********
2022-11-14 19:44:40,557 [main] INFO nopCommerce - *******searching by email id*********
2022-11-14 19:44:44,232 [main] INFO nopCommerce - *******Closing browser*********
2022-11-14 20:04:03,493 [main] INFO nopCommerce - *******Launching browser*********
2022-11-14 20:04:06,546 [main] INFO nopCommerce - *******opening URL*********
2022-11-14 20:04:10,884 [main] INFO nopCommerce - *******Providing login details*********
2022-11-14 20:04:14,144 [main] INFO nopCommerce - *******Started login prosses*********
2022-11-14 20:04:29,818 [main] INFO nopCommerce - *******Adding new customer*********
2022-11-14 20:04:29,821 [main] INFO nopCommerce - ******Providing customer details**********
2022-11-14 20:04:38,336 [main] INFO nopCommerce - ******Saving customer data**********
2022-11-14 20:04:41,712 [main] INFO nopCommerce - *******Closing browser*********
2022-11-14 20:04:47,688 [main] INFO nopCommerce - *******Launching browser*********
2022-11-14 20:04:50,693 [main] INFO nopCommerce - *******opening URL*********
2022-11-14 20:04:55,301 [main] INFO nopCommerce - *******Providing login details*********
2022-11-14 20:04:58,555 [main] INFO nopCommerce - *******Started login prosses*********
2022-11-14 20:05:10,822 [main] INFO nopCommerce - *******searching by email id*********
2022-11-14 20:05:14,348 [main] INFO nopCommerce - *******Closing browser*********
2022-11-14 22:15:46,084 [main] INFO nopCommerce - *******Launching browser*********
2022-11-14 22:15:49,121 [main] INFO nopCommerce - *******opening URL*********
2022-11-14 22:15:53,390 [main] INFO nopCommerce - *******Providing login details*********
2022-11-14 22:15:56,627 [main] INFO nopCommerce - *******Started login prosses*********
2022-11-14 22:16:12,658 [main] INFO nopCommerce - *******Adding new customer*********
2022-11-14 22:16:12,658 [main] INFO nopCommerce - ******Providing customer details**********
2022-11-14 22:16:20,229 [main] INFO nopCommerce - ******Saving customer data**********
2022-11-14 22:16:23,600 [main] INFO nopCommerce - *******Closing browser*********
2022-11-14 22:16:29,513 [main] INFO nopCommerce - *******Launching browser*********
2022-11-14 22:16:32,518 [main] INFO nopCommerce - *******opening URL*********
2022-11-14 22:16:37,086 [main] INFO nopCommerce - *******Providing login details*********
2022-11-14 22:16:40,321 [main] INFO nopCommerce - *******Started login prosses*********
2022-11-14 22:16:52,053 [main] INFO nopCommerce - *******searching by email id*********
2022-11-14 22:16:55,735 [main] INFO nopCommerce - *******Closing browser*********
2022-11-14 23:27:05,804 [main] INFO nopCommerce - *******Launching browser*********
2022-11-14 23:27:08,878 [main] INFO nopCommerce - *******opening URL*********
2022-11-14 23:27:12,921 [main] INFO nopCommerce - *******Providing login details*********
2022-11-14 23:27:16,135 [main] INFO nopCommerce - *******Started login prosses*********
2022-11-14 23:27:31,271 [main] INFO nopCommerce - *******Adding new customer*********
2022-11-14 23:27:31,271 [main] INFO nopCommerce - ******Providing customer details**********
2022-11-14 23:27:38,721 [main] INFO nopCommerce - ******Saving customer data**********
2022-11-14 23:27:42,077 [main] INFO nopCommerce - *******Closing browser*********
2022-11-14 23:27:48,065 [main] INFO nopCommerce - *******Launching browser*********
2022-11-14 23:27:51,076 [main] INFO nopCommerce - *******opening URL*********
2022-11-14 23:27:55,554 [main] INFO nopCommerce - *******Providing login details*********
2022-11-14 23:27:58,770 [main] INFO nopCommerce - *******Started login prosses*********
2022-11-14 23:28:10,834 [main] INFO nopCommerce - *******searching by email id*********
2022-11-14 23:28:14,298 [main] INFO nopCommerce - *******Closing browser*********
2022-11-15 07:05:59,369 [main] INFO Automation Testing - Test has started
2022-11-15 07:06:02,905 [main] INFO nopCommerce - *******Launching browser*********
2022-11-15 07:06:05,942 [main] INFO nopCommerce - *******opening URL*********
2022-11-15 07:06:09,861 [main] INFO nopCommerce - *******Providing login details*********
2022-11-15 07:06:13,033 [main] INFO nopCommerce - *******Started login prosses*********
2022-11-15 07:06:26,756 [main] INFO nopCommerce - *******Adding new customer*********
2022-11-15 07:06:26,756 [main] INFO nopCommerce - ******Providing customer details**********
2022-11-15 07:06:33,396 [main] INFO nopCommerce - ******Saving customer data**********
2022-11-15 07:06:36,075 [main] INFO nopCommerce - *******Closing browser*********
2022-11-15 07:06:36,778 [main] INFO nopCommerce - Test is Successful
2022-11-15 07:06:36,778 [main] INFO nopCommerce - Test has started
2022-11-15 07:06:39,562 [main] INFO nopCommerce - *******Launching browser*********
2022-11-15 07:06:42,574 [main] INFO nopCommerce - *******opening URL*********
2022-11-15 07:06:46,582 [main] INFO nopCommerce - *******Providing login details*********
2022-11-15 07:06:49,735 [main] INFO nopCommerce - *******Started login prosses*********
2022-11-15 07:07:01,351 [main] INFO nopCommerce - *******searching by email id*********
2022-11-15 07:07:04,589 [main] INFO nopCommerce - *******Closing browser*********
2022-11-15 07:07:05,233 [main] INFO nopCommerce - Test is Successful
2022-11-15 07:07:05,346 [main] INFO nopCommerce - Test is finished
2022-11-15 07:15:10,851 [main] INFO Automation Testing - Test has started
2022-11-15 07:15:13,802 [main] INFO nopCommerce - *******Launching browser*********
2022-11-15 07:15:16,825 [main] INFO nopCommerce - *******opening URL*********
2022-11-15 07:15:20,882 [main] INFO nopCommerce - *******Providing login details*********
2022-11-15 07:15:24,063 [main] INFO nopCommerce - *******Started login prosses*********
2022-11-15 07:15:37,737 [main] INFO nopCommerce - *******Adding new customer*********
2022-11-15 07:15:37,738 [main] INFO nopCommerce - ******Providing customer details**********
2022-11-15 07:15:44,447 [main] INFO nopCommerce - ******Saving customer data**********
2022-11-15 07:15:47,275 [main] INFO nopCommerce - *******Closing browser*********
2022-11-15 07:15:47,936 [main] INFO nopCommerce - Test is Successful
2022-11-15 07:15:47,936 [main] INFO nopCommerce - Test has started
2022-11-15 07:15:50,604 [main] INFO nopCommerce - *******Launching browser*********
2022-11-15 07:15:53,616 [main] INFO nopCommerce - *******opening URL*********
2022-11-15 07:15:57,535 [main] INFO nopCommerce - *******Providing login details*********
2022-11-15 07:16:00,685 [main] INFO nopCommerce - *******Started login prosses*********
2022-11-15 07:16:11,247 [main] INFO nopCommerce - *******searching by email id*********
2022-11-15 07:16:14,462 [main] INFO nopCommerce - *******Closing browser*********
2022-11-15 07:16:15,096 [main] INFO nopCommerce - Test is Successful
2022-11-15 07:16:15,224 [main] INFO nopCommerce - Test is finished
2022-11-15 07:37:56,370 [main] INFO Automation Testing - Test has started
2022-11-15 07:37:59,377 [main] INFO nopCommerce - *******Launching browser*********
2022-11-15 07:38:02,410 [main] INFO nopCommerce - *******opening URL*********
2022-11-15 07:38:06,253 [main] INFO nopCommerce - *******Providing login details*********
2022-11-15 07:38:09,416 [main] INFO nopCommerce - *******Started login prosses*********
2022-11-15 07:38:23,523 [main] INFO nopCommerce - *******Adding new customer*********
2022-11-15 07:38:23,523 [main] INFO nopCommerce - ******Providing customer details**********
2022-11-15 07:38:30,212 [main] INFO nopCommerce - ******Saving customer data**********
2022-11-15 07:38:32,928 [main] INFO nopCommerce - *******Closing browser*********
2022-11-15 07:38:33,565 [main] INFO nopCommerce - Test is Successful
2022-11-15 07:38:33,566 [main] INFO nopCommerce - Test has started
2022-11-15 07:38:36,284 [main] INFO nopCommerce - *******Launching browser*********
2022-11-15 07:38:39,288 [main] INFO nopCommerce - *******opening URL*********
2022-11-15 07:38:42,974 [main] INFO nopCommerce - *******Providing login details*********
2022-11-15 07:38:46,136 [main] INFO nopCommerce - *******Started login prosses*********
2022-11-15 07:38:56,988 [main] INFO nopCommerce - *******searching by email id*********
2022-11-15 07:39:00,215 [main] INFO nopCommerce - *******Closing browser*********
2022-11-15 07:39:00,857 [main] INFO nopCommerce - Test is Successful
2022-11-15 07:39:00,990 [main] INFO nopCommerce - Test is finished
2022-11-15 09:56:18,738 [main] INFO nopCommerce - *******Launching browser*********
2022-11-15 09:56:21,764 [main] INFO nopCommerce - *******opening URL*********
2022-11-15 09:56:25,648 [main] INFO nopCommerce - *******Providing login details*********
2022-11-15 09:56:28,813 [main] INFO nopCommerce - *******Started login prosses*********
2022-11-15 09:56:43,186 [main] INFO nopCommerce - *******Adding new customer*********
2022-11-15 09:56:43,188 [main] INFO nopCommerce - ******Providing customer details**********
2022-11-15 09:56:49,905 [main] INFO nopCommerce - ******Saving customer data**********
2022-11-15 09:56:52,533 [main] INFO nopCommerce - *******Closing browser*********
2022-11-15 09:56:55,958 [main] INFO nopCommerce - *******Launching browser*********
2022-11-15 09:56:58,960 [main] INFO nopCommerce - *******opening URL*********
2022-11-15 09:57:02,790 [main] INFO nopCommerce - *******Providing login details*********
2022-11-15 09:57:05,940 [main] INFO nopCommerce - *******Started login prosses*********
2022-11-15 09:57:16,672 [main] INFO nopCommerce - *******searching by email id*********
2022-11-15 09:57:19,903 [main] INFO nopCommerce - *******Closing browser*********
2022-11-15 15:27:23,991 [main] INFO nopCommerce - *******Launching browser*********
2022-11-15 15:27:27,026 [main] INFO nopCommerce - *******opening URL*********
2022-11-15 15:27:31,446 [main] INFO nopCommerce - *******Providing login details*********
2022-11-15 15:27:34,698 [main] INFO nopCommerce - *******Started login prosses*********
2022-11-15 15:27:49,399 [main] INFO nopCommerce - *******Adding new customer*********
2022-11-15 15:27:49,400 [main] INFO nopCommerce - ******Providing customer details**********
2022-11-15 15:27:56,805 [main] INFO nopCommerce - ******Saving customer data**********
2022-11-15 15:28:00,231 [main] INFO nopCommerce - *******Closing browser*********
2022-11-15 15:28:06,576 [main] INFO nopCommerce - *******Launching browser*********
2022-11-15 15:28:09,582 [main] INFO nopCommerce - *******opening URL*********
2022-11-15 15:28:14,129 [main] INFO nopCommerce - *******Providing login details*********
2022-11-15 15:28:17,388 [main] INFO nopCommerce - *******Started login prosses*********
2022-11-15 15:28:28,915 [main] INFO nopCommerce - *******searching by email id*********
2022-11-15 15:28:32,342 [main] INFO nopCommerce - *******Closing browser*********
2022-11-15 17:33:36,801 [main] INFO nopCommerce - *******Launching browser*********
2022-11-15 17:33:39,842 [main] INFO nopCommerce - *******opening URL*********
2022-11-15 17:33:44,083 [main] INFO nopCommerce - *******Providing login details*********
2022-11-15 17:33:47,411 [main] INFO nopCommerce - *******Started login prosses*********
2022-11-15 17:34:02,903 [main] INFO nopCommerce - *******Adding new customer*********
2022-11-15 17:34:02,904 [main] INFO nopCommerce - ******Providing customer details**********
2022-11-15 17:34:10,147 [main] INFO nopCommerce - ******Saving customer data**********
2022-11-15 17:34:13,407 [main] INFO nopCommerce - *******Closing browser*********
2022-11-15 17:34:18,127 [main] INFO nopCommerce - *******Launching browser*********
2022-11-15 17:34:21,137 [main] INFO nopCommerce - *******opening URL*********
2022-11-15 17:34:25,336 [main] INFO nopCommerce - *******Providing login details*********
2022-11-15 17:34:28,542 [main] INFO nopCommerce - *******Started login prosses*********
2022-11-15 17:34:40,387 [main] INFO nopCommerce - *******searching by email id*********
2022-11-15 17:34:43,848 [main] INFO nopCommerce - *******Closing browser*********
2022-11-15 18:07:39,226 [main] INFO nopCommerce - *******Launching browser*********
2022-11-15 18:07:42,279 [main] INFO nopCommerce - *******opening URL*********
2022-11-15 18:07:46,810 [main] INFO nopCommerce - *******Providing login details*********
2022-11-15 18:07:50,074 [main] INFO nopCommerce - *******Started login prosses*********
2022-11-15 18:08:05,121 [main] INFO nopCommerce - *******Adding new customer*********
2022-11-15 18:08:05,122 [main] INFO nopCommerce - ******Providing customer details**********
2022-11-15 18:08:12,495 [main] INFO nopCommerce - ******Saving customer data**********
2022-11-15 18:08:15,613 [main] INFO nopCommerce - *******Closing browser*********
